[debug] [2021-08-21T06:24:24.733Z] ----------------------------------------------------------------------
[debug] [2021-08-21T06:24:24.734Z] Command:       C:\Program Files\nodejs\node.exe C:\Users\varun\AppData\Roaming\npm\node_modules\firebase-tools\lib\bin\firebase.js init
[debug] [2021-08-21T06:24:24.734Z] CLI Version:   9.16.5
[debug] [2021-08-21T06:24:24.734Z] Platform:      win32
[debug] [2021-08-21T06:24:24.735Z] Node Version:  v14.16.0
[debug] [2021-08-21T06:24:24.735Z] Time:          Sat Aug 21 2021 11:54:24 GMT+0530 (India Standard Time)
[debug] [2021-08-21T06:24:24.736Z] ----------------------------------------------------------------------
[debug] 
[debug] [2021-08-21T06:24:24.787Z] > command requires scopes: ["email","openid","https://www.googleapis.com/auth/cloudplatformprojects.readonly","https://www.googleapis.com/auth/firebase","https://www.googleapis.com/auth/cloud-platform"]
[debug] [2021-08-21T06:24:24.787Z] > authorizing via signed-in user (varunswarup0@gmail.com)
[info] 
     ######## #### ########  ######## ########     ###     ######  ########
     ##        ##  ##     ## ##       ##     ##  ##   ##  ##       ##
     ######    ##  ########  ######   ########  #########  ######  ######
     ##        ##  ##    ##  ##       ##     ## ##     ##       ## ##
     ##       #### ##     ## ######## ########  ##     ##  ######  ########

You're about to initialize a Firebase project in this directory:

  C:\Users\varun\OneDrive\Desktop\Projects\reel-stream

Before we get started, keep in mind:

  * You are initializing within an existing Firebase project directory

